2025/01/29 08:40:53 [TRACE] 0s | SELECT DATABASE() | -1 rows
2025/01/29 08:40:53 [TRACE] 3.0427ms | SELECT SCHEMA_NAME from Information_schema.SCHEMATA where SCHEMA_NAME LIKE 'db_scm_blockcahin%' ORDER BY SCHEMA_NAME='db_scm_blockcahin' DESC,SCHEMA_NAME limit 1 | 1 rows
2025/01/29 08:40:53 [TRACE] 2.7186ms | SELECT count(*) FROM information_schema.tables WHERE table_schema = 'db_scm_blockcahin' AND table_name = 'products' AND table_type = 'BASE TABLE' | -1 rows
2025/01/29 08:40:53 [TRACE] 98.4844ms | CREATE TABLE `products` (`id` char(15) NOT NULL,`distributor_id` char(15) NOT NULL,`product_name` varchar(100) NOT NULL,`brand` varchar(100) NOT NULL,`price` float NOT NULL DEFAULT 0,`unit` varchar(100) NOT NULL,`url_pricture` varchar(100) NOT NULL DEFAULT 'default.jpg',`status` varchar(100) NOT NULL,`created_at` datetime(3) NULL,`updated_at` datetime(3) NULL,PRIMARY KEY (`id`),CONSTRAINT `fk_distributors_products` FOREIGN KEY (`distributor_id`) REFERENCES `distributors`(`id`),CONSTRAINT `uni_products_brand` UNIQUE (`brand`)) | 0 rows
2025/01/29 08:40:53 [TRACE] 55µs | SELECT DATABASE() | -1 rows
2025/01/29 08:40:53 [TRACE] 2.0395ms | SELECT SCHEMA_NAME from Information_schema.SCHEMATA where SCHEMA_NAME LIKE 'db_scm_blockcahin%' ORDER BY SCHEMA_NAME='db_scm_blockcahin' DESC,SCHEMA_NAME limit 1 | 1 rows
2025/01/29 08:40:53 [TRACE] 975.5µs | SELECT count(*) FROM information_schema.tables WHERE table_schema = 'db_scm_blockcahin' AND table_name = 'distributors' AND table_type = 'BASE TABLE' | -1 rows
2025/01/29 08:40:53 [TRACE] 0s | SELECT DATABASE() | -1 rows
2025/01/29 08:40:53 [TRACE] 179.6µs | SELECT SCHEMA_NAME from Information_schema.SCHEMATA where SCHEMA_NAME LIKE 'db_scm_blockcahin%' ORDER BY SCHEMA_NAME='db_scm_blockcahin' DESC,SCHEMA_NAME limit 1 | 1 rows
2025/01/29 08:40:53 [TRACE] 1.7211ms | SELECT * FROM `distributors` LIMIT 1 | -1 rows
2025/01/29 08:40:53 [TRACE] 567.4µs | SELECT column_name, column_default, is_nullable = 'YES', data_type, character_maximum_length, column_type, column_key, extra, column_comment, numeric_precision, numeric_scale , datetime_precision FROM information_schema.columns WHERE table_schema = 'db_scm_blockcahin' AND table_name = 'distributors' ORDER BY ORDINAL_POSITION | -1 rows
2025/01/29 08:40:53 [TRACE] 0s | SELECT DATABASE() | -1 rows
2025/01/29 08:40:53 [TRACE] 708.4µs | SELECT SCHEMA_NAME from Information_schema.SCHEMATA where SCHEMA_NAME LIKE 'db_scm_blockcahin%' ORDER BY SCHEMA_NAME='db_scm_blockcahin' DESC,SCHEMA_NAME limit 1 | 1 rows
2025/01/29 08:40:53 [TRACE] 564.8µs | SELECT count(*) FROM information_schema.tables WHERE table_schema = 'db_scm_blockcahin' AND table_name = 'users' AND table_type = 'BASE TABLE' | -1 rows
2025/01/29 08:40:53 [TRACE] 0s | SELECT DATABASE() | -1 rows
2025/01/29 08:40:53 [TRACE] 1.0231ms | SELECT SCHEMA_NAME from Information_schema.SCHEMATA where SCHEMA_NAME LIKE 'db_scm_blockcahin%' ORDER BY SCHEMA_NAME='db_scm_blockcahin' DESC,SCHEMA_NAME limit 1 | 1 rows
2025/01/29 08:40:53 [TRACE] 540.1µs | SELECT * FROM `users` LIMIT 1 | -1 rows
2025/01/29 08:40:53 [TRACE] 624.6µs | SELECT column_name, column_default, is_nullable = 'YES', data_type, character_maximum_length, column_type, column_key, extra, column_comment, numeric_precision, numeric_scale , datetime_precision FROM information_schema.columns WHERE table_schema = 'db_scm_blockcahin' AND table_name = 'users' ORDER BY ORDINAL_POSITION | -1 rows
2025/01/29 08:40:53 [TRACE] 0s | SELECT DATABASE() | -1 rows
2025/01/29 08:40:53 [TRACE] 669.3µs | SELECT SCHEMA_NAME from Information_schema.SCHEMATA where SCHEMA_NAME LIKE 'db_scm_blockcahin%' ORDER BY SCHEMA_NAME='db_scm_blockcahin' DESC,SCHEMA_NAME limit 1 | 1 rows
2025/01/29 08:40:53 [TRACE] 1.4588ms | 
SELECT
	TABLE_NAME,
	COLUMN_NAME,
	INDEX_NAME,
	NON_UNIQUE 
FROM
	information_schema.STATISTICS 
WHERE
	TABLE_SCHEMA = 'db_scm_blockcahin' 
	AND TABLE_NAME = 'users' 
ORDER BY
	INDEX_NAME,
	SEQ_IN_INDEX | 3 rows
2025/01/29 08:40:53 [TRACE] 506.6µs | SELECT DATABASE() | -1 rows
2025/01/29 08:40:53 [TRACE] 619.7µs | SELECT SCHEMA_NAME from Information_schema.SCHEMATA where SCHEMA_NAME LIKE 'db_scm_blockcahin%' ORDER BY SCHEMA_NAME='db_scm_blockcahin' DESC,SCHEMA_NAME limit 1 | 1 rows
2025/01/29 08:40:53 [TRACE] 607.1µs | SELECT count(*) FROM INFORMATION_SCHEMA.table_constraints WHERE constraint_schema = 'db_scm_blockcahin' AND table_name = 'users' AND constraint_name = 'uni_users_email' | -1 rows
2025/01/29 08:40:53 [TRACE] 0s | SELECT DATABASE() | -1 rows
2025/01/29 08:40:53 [TRACE] 1.9531ms | SELECT SCHEMA_NAME from Information_schema.SCHEMATA where SCHEMA_NAME LIKE 'db_scm_blockcahin%' ORDER BY SCHEMA_NAME='db_scm_blockcahin' DESC,SCHEMA_NAME limit 1 | 1 rows
2025/01/29 08:40:53 [TRACE] 1.9402ms | SELECT count(*) FROM INFORMATION_SCHEMA.table_constraints WHERE constraint_schema = 'db_scm_blockcahin' AND table_name = 'users' AND constraint_name = 'fk_distributors_user' | -1 rows
2025/01/29 08:40:53 [TRACE] 0s | SELECT DATABASE() | -1 rows
2025/01/29 08:40:53 [TRACE] 749.8µs | SELECT SCHEMA_NAME from Information_schema.SCHEMATA where SCHEMA_NAME LIKE 'db_scm_blockcahin%' ORDER BY SCHEMA_NAME='db_scm_blockcahin' DESC,SCHEMA_NAME limit 1 | 1 rows
2025/01/29 08:40:53 [TRACE] 755.5µs | SELECT count(*) FROM information_schema.tables WHERE table_schema = 'db_scm_blockcahin' AND table_name = 'token_auths' AND table_type = 'BASE TABLE' | -1 rows
2025/01/29 08:40:53 [TRACE] 0s | SELECT DATABASE() | -1 rows
2025/01/29 08:40:53 [TRACE] 655.3µs | SELECT SCHEMA_NAME from Information_schema.SCHEMATA where SCHEMA_NAME LIKE 'db_scm_blockcahin%' ORDER BY SCHEMA_NAME='db_scm_blockcahin' DESC,SCHEMA_NAME limit 1 | 1 rows
2025/01/29 08:40:53 [TRACE] 506.6µs | SELECT * FROM `token_auths` LIMIT 1 | -1 rows
2025/01/29 08:40:53 [TRACE] 711.1µs | SELECT column_name, column_default, is_nullable = 'YES', data_type, character_maximum_length, column_type, column_key, extra, column_comment, numeric_precision, numeric_scale , datetime_precision FROM information_schema.columns WHERE table_schema = 'db_scm_blockcahin' AND table_name = 'token_auths' ORDER BY ORDINAL_POSITION | -1 rows
